\BOOKMARK [1][-]{section.1}{Introduction}{}% 1
\BOOKMARK [2][-]{subsection.1.1}{Déroulement d'une partie}{section.1}% 2
\BOOKMARK [1][-]{section.2}{Personnages}{}% 3
\BOOKMARK [2][-]{subsection.2.1}{Caractéristiques}{section.2}% 4
\BOOKMARK [2][-]{subsection.2.2}{Classes de personnages}{section.2}% 5
\BOOKMARK [2][-]{subsection.2.3}{Personnages de commencement}{section.2}% 6
\BOOKMARK [2][-]{subsection.2.4}{PNJ}{section.2}% 7
\BOOKMARK [3][-]{subsubsection.2.4.1}{PNJ recrutables}{subsection.2.4}% 8
\BOOKMARK [3][-]{subsubsection.2.4.2}{PNJ mauvais}{subsection.2.4}% 9
\BOOKMARK [1][-]{section.3}{Zombis}{}% 10
\BOOKMARK [2][-]{subsection.3.1}{Caractéristiques des zombis}{section.3}% 11
\BOOKMARK [2][-]{subsection.3.2}{Type d'action face aux zombis}{section.3}% 12
\BOOKMARK [3][-]{subsubsection.3.2.1}{Points de fatigue}{subsection.3.2}% 13
\BOOKMARK [2][-]{subsection.3.3}{Types de zombis}{section.3}% 14
\BOOKMARK [1][-]{section.4}{Combats}{}% 15
\BOOKMARK [2][-]{subsection.4.1}{Attaque par le joueur}{section.4}% 16
\BOOKMARK [2][-]{subsection.4.2}{Attaque par le zombi}{section.4}% 17
\BOOKMARK [1][-]{section.5}{Map}{}% 18
\BOOKMARK [2][-]{subsection.5.1}{Types de tiles et sorties}{section.5}% 19
\BOOKMARK [2][-]{subsection.5.2}{Tailles de maps}{section.5}% 20
\BOOKMARK [2][-]{subsection.5.3}{Interaction entre la map et les personnages}{section.5}% 21
